proguard/seeds.txt
com.jbak.JbakKeyboard.AboutActivity
com.jbak.JbakKeyboard.AboutActivity: AboutActivity()
com.jbak.JbakKeyboard.AdPreference
com.jbak.JbakKeyboard.AdPreference: AdPreference(android.content.Context,android.util.AttributeSet,int)
com.jbak.JbakKeyboard.AdPreference: AdPreference(android.content.Context,android.util.AttributeSet)
com.jbak.JbakKeyboard.ClipbrdService
com.jbak.JbakKeyboard.ClipbrdService: ClipbrdService()
com.jbak.JbakKeyboard.EditSetActivity
com.jbak.JbakKeyboard.EditSetActivity: EditSetActivity()
com.jbak.JbakKeyboard.JbCandView
com.jbak.JbakKeyboard.JbCandView: JbCandView(android.content.Context,android.util.AttributeSet)
com.jbak.JbakKeyboard.JbKbdPreference
com.jbak.JbakKeyboard.JbKbdPreference: JbKbdPreference()
com.jbak.JbakKeyboard.JbKbdReceiver
com.jbak.JbakKeyboard.JbKbdView
com.jbak.JbakKeyboard.JbKbdView: JbKbdView(android.content.Context,android.util.AttributeSet)
com.jbak.JbakKeyboard.JbKbdView: JbKbdView(android.content.Context,android.util.AttributeSet,int)
com.jbak.JbakKeyboard.LangSetActivity
com.jbak.JbakKeyboard.LangSetActivity: LangSetActivity()
com.jbak.JbakKeyboard.ServiceJbKbd
com.jbak.JbakKeyboard.ServiceJbKbd: ServiceJbKbd()
com.jbak.JbakKeyboard.SetKbdActivity
com.jbak.JbakKeyboard.SetKbdActivity: SetKbdActivity()
com.jbak.JbakKeyboard.TplEditorActivity
com.jbak.JbakKeyboard.TplEditorActivity: TplEditorActivity()
com.jbak.JbakKeyboard.UpdVocabActivity
com.jbak.JbakKeyboard.UpdVocabActivity: UpdVocabActivity()
...
com.google.ads.AdActivity
com.google.ads.AdActivity: AdActivity()
com.google.ads.AdRequest$ErrorCode: com.google.ads.AdRequest$ErrorCode[] values()
com.google.ads.AdRequest$ErrorCode: com.google.ads.AdRequest$ErrorCode valueOf(java.lang.String)
com.google.ads.AdRequest$Gender: com.google.ads.AdRequest$Gender[] values()
com.google.ads.AdRequest$Gender: com.google.ads.AdRequest$Gender valueOf(java.lang.String)
com.google.ads.AdView
com.google.ads.AdView: AdView(android.app.Activity,com.google.ads.AdSize,java.lang.String)
com.google.ads.AdView: AdView(android.content.Context,android.util.AttributeSet)
com.google.ads.AdView: AdView(android.content.Context,android.util.AttributeSet,int)
com.google.ads.ab$b: com.google.ads.ab$b[] values()
com.google.ads.ab$b: com.google.ads.ab$b valueOf(java.lang.String)
com.google.ads.searchads.SearchAdRequest$BorderType: com.google.ads.searchads.SearchAdRequest$BorderType[] values()
com.google.ads.searchads.SearchAdRequest$BorderType: com.google.ads.searchads.SearchAdRequest$BorderType valueOf(java.lang.String)
com.google.ads.util.AdUtil$UserActivityReceiver
com.google.ads.util.AdUtil$a: com.google.ads.util.AdUtil$a[] values()
com.google.ads.util.AdUtil$a: com.google.ads.util.AdUtil$a valueOf(java.lang.String)
com.jbak.ctrl.IntEditor
com.jbak.ctrl.IntEditor: IntEditor(android.content.Context,android.util.AttributeSet)
com.jbak.words.WordsService
com.jbak.words.WordsService: WordsService()