proguard/mapping.txt
com.jbak.JbakKeyboard.AboutActivity -> com.jbak.JbakKeyboard.AboutActivity:
    15:28:void onCreate(android.os.Bundle) -> onCreate
com.jbak.JbakKeyboard.AdPreference -> com.jbak.JbakKeyboard.AdPreference:
    24:38:android.view.View onCreateView(android.view.ViewGroup) -> onCreateView
com.jbak.JbakKeyboard.ClipbrdService -> com.jbak.JbakKeyboard.ClipbrdService:
    com.jbak.JbakKeyboard.ClipbrdService inst -> a
    android.content.BroadcastReceiver m_recv -> b
    java.lang.String m_sLastClipStr -> c
    android.text.ClipboardManager m_cm -> d
    java.util.Timer m_timer -> e
    20:20:android.os.IBinder onBind(android.content.Intent) -> onBind
    25:33:void onCreate() -> onCreate
    37:40:void onDestroy() -> onDestroy
    43:53:void startTimer() -> a
    56:57:void stopTimer() -> b
    60:65:void checkClipboardString() -> c
    68:74:void checkString(java.lang.String) -> a
com.jbak.JbakKeyboard.ClipbrdService$1 -> com.jbak.JbakKeyboard.a:
    com.jbak.JbakKeyboard.ClipbrdService this$0 -> a
    80:89:void onReceive(android.content.Context,android.content.Intent) -> onReceive
com.jbak.JbakKeyboard.ClipbrdService$2 -> com.jbak.JbakKeyboard.b:
    com.jbak.JbakKeyboard.ClipbrdService this$0 -> a
    49:50:void run() -> run
com.jbak.JbakKeyboard.ComMenu -> com.jbak.JbakKeyboard.c:
    android.view.View m_MainView -> a
    java.util.ArrayList m_arItems -> b
    int m_state -> c
    com.jbak.JbakKeyboard.ComMenu inst -> d
    int[] PRESSED_STATE_SET -> e
    int[] EMPTY_STATE_SET -> f
    com.jbak.JbakKeyboard.st$UniObserver m_lvObserver -> g
    int m_longClicked -> h
    android.view.View$OnLongClickListener m_longListener -> i
    android.view.View$OnTouchListener m_btnListener -> j
    com.jbak.JbakKeyboard.st$UniObserver m_MenuObserver -> k
    android.view.View$OnClickListener m_listener -> l
    com.jbak.JbakKeyboard.ComMenu$Adapt m_adapter -> m
    android.widget.AdapterView$OnItemLongClickListener m_itemLongClickListener -> n
    74:97:android.view.View newView(com.jbak.JbakKeyboard.ComMenu$MenuEntry) -> a
    154:155:void add(java.lang.String,int) -> a
    159:160:void add(int,int) -> a
    163:173:void close() -> a
    228:269:void show(com.jbak.JbakKeyboard.st$UniObserver) -> a
    273:327:boolean showClipboard() -> b
    362:375:void removeLastLongClicked() -> c
com.jbak.JbakKeyboard.ComMenu$1 -> com.jbak.JbakKeyboard.d:
    com.jbak.JbakKeyboard.ComMenu this$0 -> a
    105:108:int OnObserver(java.lang.Object,java.lang.Object) -> a
com.jbak.JbakKeyboard.ComMenu$2 -> com.jbak.JbakKeyboard.e:
    com.jbak.JbakKeyboard.ComMenu this$0 -> a
    118:128:boolean onLongClick(android.view.View) -> onLongClick
com.jbak.JbakKeyboard.ComMenu$3 -> com.jbak.JbakKeyboard.f:
    com.jbak.JbakKeyboard.ComMenu this$0 -> a
    137:146:boolean onTouch(android.view.View,android.view.MotionEvent) -> onTouch
com.jbak.JbakKeyboard.ComMenu$4 -> com.jbak.JbakKeyboard.g:
    com.jbak.JbakKeyboard.ComMenu this$0 -> a
    181:212:void onClick(android.view.View) -> onClick
com.jbak.JbakKeyboard.ComMenu$4$1 -> com.jbak.JbakKeyboard.h:
    com.jbak.JbakKeyboard.ComMenu$4 this$1 -> a
    196:200:int OnObserver(java.lang.Object,java.lang.Object) -> a
com.jbak.JbakKeyboard.ComMenu$5 -> com.jbak.JbakKeyboard.i:
    com.jbak.JbakKeyboard.ComMenu this$0 -> a
    220:220:boolean onItemLongClick(android.widget.AdapterView,android.view.View,int,long) -> onItemLongClick
com.jbak.JbakKeyboard.ComMenu$6 -> com.jbak.JbakKeyboard.j:
    com.jbak.JbakKeyboard.ComMenu val$menu -> a
    295:323:int OnObserver(java.lang.Object,java.lang.Object) -> a
com.jbak.JbakKeyboard.ComMenu$Adapt -> com.jbak.JbakKeyboard.k:
    com.jbak.JbakKeyboard.ComMenu m_menu -> a
    340:340:int getCount() -> getCount
    345:357:android.view.View getView(int,android.view.View,android.view.ViewGroup) -> getView
...
com.google.ads.Ad -> com.google.ads.a:
com.google.ads.AdActivity -> com.google.ads.AdActivity:
    java.lang.Object a -> a
    com.google.ads.AdActivity b -> b
    com.google.ads.d c -> c
    com.google.ads.AdActivity d -> d
    com.google.ads.AdActivity e -> e
    com.google.ads.h f -> f
    boolean g -> g
    long h -> h
    android.widget.RelativeLayout i -> i
    com.google.ads.AdActivity j -> j
    boolean k -> k
    com.google.ads.g l -> l
    161:163:void a(java.lang.String) -> a
    174:176:void a(java.lang.String,java.lang.Throwable) -> a
    183:183:com.google.ads.g getAdVideoView() -> a
    193:215:com.google.ads.h getOpeningAdWebView() -> b
    222:224:boolean isShowing() -> c
    235:261:void launchAdActivity(com.google.ads.d,com.google.ads.e) -> a
    349:362:void a(com.google.ads.d) -> a
    370:374:void moveAdVideoView(int,int,int,int) -> a
    381:400:void newAdVideoView(int,int,int,int) -> b
    407:413:android.widget.RelativeLayout$LayoutParams a(int,int,int,int) -> c
    424:425:void onClick(android.view.View) -> onClick
    436:560:void onCreate(android.os.Bundle) -> onCreate
    579:620:void a(com.google.ads.h,boolean,int) -> a
    632:647:void onDestroy() -> onDestroy
    657:662:void onPause() -> onPause
    670:727:void a() -> d
    737:746:void onWindowFocusChanged(boolean) -> onWindowFocusChanged
    757:781:void onActivityResult(int,int,android.content.Intent) -> onActivityResult
com.google.ads.AdListener -> com.google.ads.b:
com.google.ads.AdRequest -> com.google.ads.c:
    com.google.ads.AdRequest$Gender a -> b
    java.lang.String b -> c
    java.util.Set c -> d
    boolean d -> e
    java.util.Map e -> f
    android.location.Location f -> g
    boolean g -> h
    boolean h -> i
    java.lang.String TEST_EMULATOR -> a
    java.util.Set i -> j
    221:226:void addKeyword(java.lang.String) -> a
    252:257:void addExtra(java.lang.String,java.lang.Object) -> a
    292:347:java.util.Map getRequestMap(android.content.Context) -> a
    368:373:void addTestDevice(java.lang.String) -> b
com.google.ads.AdRequest$ErrorCode -> com.google.ads.d:
    com.google.ads.AdRequest$ErrorCode INVALID_REQUEST -> a
    com.google.ads.AdRequest$ErrorCode NO_FILL -> b
    com.google.ads.AdRequest$ErrorCode NETWORK_ERROR -> c
    com.google.ads.AdRequest$ErrorCode INTERNAL_ERROR -> d
    java.lang.String a -> e
    com.google.ads.AdRequest$ErrorCode[] b -> f
    36:36:com.google.ads.AdRequest$ErrorCode[] values() -> values
    36:36:com.google.ads.AdRequest$ErrorCode valueOf(java.lang.String) -> valueOf
    79:79:java.lang.String toString() -> toString
com.google.ads.AdRequest$Gender -> com.google.ads.e:
    com.google.ads.AdRequest$Gender UNKNOWN -> a
    com.google.ads.AdRequest$Gender MALE -> b
    com.google.ads.AdRequest$Gender FEMALE -> c
    com.google.ads.AdRequest$Gender[] a -> d
    86:86:com.google.ads.AdRequest$Gender[] values() -> values
    86:86:com.google.ads.AdRequest$Gender valueOf(java.lang.String) -> valueOf
com.google.ads.AdSize -> com.google.ads.f:
    com.google.ads.AdSize BANNER -> a
    com.google.ads.AdSize IAB_MRECT -> b
    com.google.ads.AdSize IAB_BANNER -> c
    com.google.ads.AdSize IAB_LEADERBOARD -> d
    int a -> e
    int b -> f
    java.lang.String c -> g
    60:60:int getWidth() -> a
    69:69:int getHeight() -> b
    79:79:java.lang.String toString() -> toString