proguard/usage.txt
com.jbak.JbakKeyboard.AdPreference:
    17:17:public AdPreference(android.content.Context,android.util.AttributeSet,int)
    18:18:public AdPreference(android.content.Context,android.util.AttributeSet)
    19:19:public AdPreference(android.content.Context)
com.jbak.JbakKeyboard.BuildConfig
com.jbak.JbakKeyboard.CandidateView
com.jbak.JbakKeyboard.CandidateView$1
com.jbak.JbakKeyboard.ClipbrdService:
    public static final int CLIPBRD_INTERVAL
com.jbak.JbakKeyboard.ComMenu:
    public static final int ID_DELIMETER
    public static final int STAT_TEMPLATES
    public static final int STAT_CLIPBOARD
com.jbak.JbakKeyboard.CustomKbdDesign:
    public static final byte P_KeyBackStartColor
    public static final byte P_KeyBackEndColor
    public static final byte P_KeyBackGradientType
    public static final byte P_KeyTextColor
    public static final byte P_KeyTextBold
    public static final byte P_KeyGapSize
    public static final byte P_KeyStrokeStartColor
    public static final byte P_KeyStrokeEndColor
    public static final byte P_KeyboardBackgroundStartColor
    public static final byte P_KeyboardBackgroundEndColor
    public static final byte P_KeyboardBackgroundGradientType
    public static final byte P_SpecKeyBackStartColor
    public static final byte P_SpecKeyBackEndColor
    public static final byte P_SpecKeyStrokeStartColor
    public static final byte P_SpecKeyStrokeEndColor
    public static final byte P_SpecKeyTextColor
    public static final byte P_KeyBackCornerX
    public static final byte P_KeyBackCornerY
    213:216:java.lang.String getErrString()
com.jbak.JbakKeyboard.CustomKeyboard:
    public static final java.lang.String KEYBOARD_FOLDER
    public static final java.lang.String A_ANDROID
    public static final java.lang.String TAG_KEYBOARD
    public static final java.lang.String VAL_PERCENT
    public static final java.lang.String VAL_PIXELS
    public static final java.lang.String TAG_ROW
    public static final java.lang.String TAG_KEY
    public static final java.lang.String DRW_PREFIX
    public static final java.lang.String A_keyWidth
    public static final java.lang.String A_keyHeight
    public static final java.lang.String A_verticalGap
    public static final java.lang.String A_horizontalGap
    public static final java.lang.String A_codes
    public static final java.lang.String A_iconPreview
    public static final java.lang.String A_isModifier
    public static final java.lang.String A_isRepeatable
    public static final java.lang.String A_isSticky
    public static final java.lang.String A_keyEdgeFlags
    public static final java.lang.String A_keyIcon
    public static final java.lang.String A_keyLabel
    public static final java.lang.String A_keyOutputText
    public static final java.lang.String A_longKeyOutputText
    public static final java.lang.String A_popupCharacters
    public static final java.lang.String A_popupKeyboard
    public static final java.lang.String A_smallLabel
    public static final java.lang.String A_upCode
com.jbak.JbakKeyboard.Dlg:
    13:13:public Dlg()
com.jbak.JbakKeyboard.EditSetActivity:
    public static final java.lang.String EXTRA_PREF_KEY
    public static final java.lang.String EXTRA_DEFAULT_EDIT_SET
...
android.annotation.SuppressLint
android.annotation.TargetApi
com.google.ads.Ad:
    public abstract boolean isReady()
    public abstract void loadAd(com.google.ads.AdRequest)
    public abstract void setAdListener(com.google.ads.AdListener)
    public abstract void stopLoading()
com.google.ads.AdActivity:
    public static final java.lang.String BASE_URL_PARAM
    public static final java.lang.String HTML_PARAM
    public static final java.lang.String URL_PARAM
    public static final java.lang.String INTENT_ACTION_PARAM
    public static final java.lang.String TYPE_PARAM
    public static final java.lang.String ORIENTATION_PARAM
com.google.ads.AdRequest:
    public static final java.lang.String VERSION
    public static final java.lang.String LOGTAG
    173:174:public void setGender(com.google.ads.AdRequest$Gender)
    184:185:public void setBirthday(java.lang.String)
    196:197:public void setPlusOneOptOut(boolean)
    208:209:public void setKeywords(java.util.Set)
    238:239:public void setExtras(java.util.Map)
    267:268:public void setLocation(android.location.Location)
    281:282:public void setTesting(boolean)
    385:386:public void setTestDevices(java.util.Set)
com.google.ads.AdSize:
    38:39:public AdSize(int,int)
com.google.ads.AdView:
    237:238:public void destroy()
    478:482:public boolean isReady()
    523:524:public void setAdListener(com.google.ads.AdListener)
    535:536:public void stopLoading()
com.google.ads.InterstitialAd:
    private com.google.ads.d a
    73:74:public InterstitialAd(android.app.Activity,java.lang.String)
    88:91:public InterstitialAd(android.app.Activity,java.lang.String,boolean)
    100:100:public boolean isReady()
    112:113:public void loadAd(com.google.ads.AdRequest)
    122:135:public void show()
    146:147:public void setAdListener(com.google.ads.AdListener)
    156:157:public void stopLoading()
com.google.ads.R
com.google.ads.R$attr
com.google.ads.R$id
com.google.ads.R$layout
com.google.ads.a:
    79:81:private a()
com.google.ads.aa:
    18:18:public aa()
com.google.ads.c:
    371:387:final void a()
com.google.ads.d:
    276:279:public final synchronized void b()
    464:464:public final synchronized boolean o()
    748:749:public final synchronized void a(com.google.ads.AdListener)
    777:778:public final synchronized void y()
    809:816:public final synchronized void z()
com.google.ads.searchads.SearchAdRequest:
    88:89:public void setQuery(java.lang.String)
    98:104:public void setBackgroundColor(int)
    116:122:public void setBackgroundGradient(int,int)
    132:133:public void setHeaderTextColor(int)
    143:144:public void setDescriptionTextColor(int)
    154:155:public void setAnchorTextColor(int)
    163:164:public void setFontFace(java.lang.String)
    173:174:public void setHeaderTextSize(int)
    184:185:public void setBorderColor(int)
    192:193:public void setBorderType(com.google.ads.searchads.SearchAdRequest$BorderType)
    202:203:public void setBorderThickness(int)
com.google.ads.util.AdUtil:
    152:154:private AdUtil()
com.google.ads.util.a:
    19:21:private a()
com.google.ads.util.c:
    26:28:private c()
com.google.ads.y:
    11:11:public y()
com.google.ads.z:
    156:158:private z()
com.jbak.CustomGraphics.ColorsGradientBack:
    25:27:public com.jbak.CustomGraphics.ColorsGradientBack set(int[])
    31:32:public void refresh()
com.jbak.CustomGraphics.ColorsGradientBack$RotatedColorsBackground
com.jbak.CustomGraphics.ColorsGradientBack$RotatedColorsBackground$1
com.jbak.CustomGraphics.ColorsGradientBack$RotatedColorsBackground$1$1
com.jbak.CustomGraphics.CustomButtonDrawable:
    29:30:public com.jbak.CustomGraphics.CustomButtonDrawable setCorners(int,int)